<?xml version="1.0" encoding="UTF-8"?>
<testng-results skipped="0" failed="0" ignored="0" total="1" passed="1">
  <reporter-output>
  </reporter-output>
  <suite name="Suite" duration-ms="130" started-at="2018-11-29T07:19:59Z" finished-at="2018-11-29T07:19:59Z">
    <groups>
    </groups>
    <test name="Test" duration-ms="130" started-at="2018-11-29T07:19:59Z" finished-at="2018-11-29T07:19:59Z">
      <class name="com.qa.testCases.LoginTest">
        <test-method status="PASS" signature="loginTest()[pri:0, instance:com.qa.testCases.LoginTest@1057a39]" name="loginTest" duration-ms="46" started-at="2018-11-29T12:49:59Z" finished-at="2018-11-29T12:49:59Z">
          <reporter-output>
          </reporter-output>
        </test-method> <!-- loginTest -->
      </class> <!-- com.qa.testCases.LoginTest -->
    </test> <!-- Test -->
  </suite> <!-- Suite -->
</testng-results>
